       1   0.00     5731.0        0.000      66       1       1
       1   0.93     5711.0        9.364      65       1       1
       2   0.00     5711.0        0.000      64       2       1
       2   0.36     5661.0       10.213      63       2       1
       2   1.13     5561.5       30.473      62       2       1
       2   1.96     5462.5       50.705      61       2       1
       2   2.85     5363.5       71.114      60       2       1
       2   3.79     5264.5       91.753      59       2       1
       2   4.81     5165.5      112.684      58       2       1
       2   5.91     5066.5      133.976      57       2       1
       2   7.10     4967.5      155.713      56       2       1
       2   8.38     4868.5      177.992      55       2       1
       2   9.78     4769.5      200.940      54       2       1
       2  11.32     4670.5      224.718      53       2       1
       2  13.02     4571.5      249.539      52       2       1
       2  14.91     4472.5      275.701      51       2       1
       2  17.05     4373.5      303.643      50       2       1
       2  19.53     4274.5      334.071      49       2       1
       2  22.47     4175.5      368.238      48       2       1
       2  26.19     4076.5      408.814      47       2       1
       2  31.59     3977.5      464.282      46       2       1
       2  40.60     3878.5      551.925      45       2       1
       3   0.00     6371.0        0.000      87       2      -1
       3   0.06     6351.0        6.058      86       2      -1
       3   0.10     6336.0       10.191      84       2      -1
       3   0.28     6291.0       21.085      82       2      -1
       3   0.43     6251.0       30.777      80       2      -1
       3   0.61     6206.0       41.666      79       2      -1
       3   0.80     6161.0       52.552      78       2      -1
       3   1.01     6111.0       64.560      76       2      -1
       3   1.22     6061.0       76.406      75       2      -1
       3   1.45     6011.0       88.103      74       2      -1
       3   1.69     5961.0       99.662      73       2      -1
       3   1.95     5911.0      110.736      71       2      -1
       3   2.22     5861.0      121.682      70       2      -1
       3   2.51     5811.0      132.511      69       2      -1
       3   2.75     5771.0      141.098      68       2      -1
       3   2.81     5761.0      143.236      66       2      -1
       3   3.12     5711.0      153.869      65       2      -1
       3   3.49     5661.0      164.082      63       2      -1
       3   4.26     5561.5      184.341      62       2      -1
       3   5.08     5462.5      204.574      61       2      -1
       3   5.97     5363.5      224.983      60       2      -1
       3   6.92     5264.5      245.622      59       2      -1
       3   7.94     5165.5      266.553      58       2      -1
       3   9.04     5066.5      287.845      57       2      -1
       3  10.22     4967.5      309.581      56       2      -1
       3  11.51     4868.5      331.861      55       2      -1
       3  12.91     4769.5      354.809      54       2      -1
       3  14.44     4670.5      378.586      53       2      -1
       3  16.14     4571.5      403.408      52       2      -1
       3  18.04     4472.5      429.570      51       2      -1
       3  20.18     4373.5      457.512      50       2      -1
       3  22.65     4274.5      487.940      49       2      -1
       3  25.60     4175.5      522.107      48       2      -1
       3  29.31     4076.5      562.683      47       2      -1
       3  34.71     3977.5      618.151      46       2      -1
       3  43.73     3878.5      705.794      45       2      -1
